<?xml version="1.0" encoding="UTF-8"?>
<!-- Generated by org.testng.reporters.JUnitReportReporter -->
<testsuite hostname="DESKTOP-AI0QSET" failures="0" tests="1" name="com.omnibridge.crm.opportunitiestest.CreateNewOpportunities" time="69.365" errors="0" timestamp="2025-01-09T00:31:06 IST" skipped="0">
  <testcase classname="com.omnibridge.crm.opportunitiestest.CreateNewOpportunities" name="createNewOpportunitiesTest" time="69.365"/>
</testsuite> <!-- com.omnibridge.crm.opportunitiestest.CreateNewOpportunities -->
