<?xml version="1.0" encoding="UTF-8"?>
<!-- Generated by org.testng.reporters.JUnitReportReporter -->
<testsuite hostname="DESKTOP-AI0QSET" failures="0" tests="1" name="com.omnibridge.crm.compaigntest.CreateCampaignTest" time="45.410" errors="0" timestamp="2025-01-08T23:24:46 IST" skipped="0">
  <testcase classname="com.omnibridge.crm.compaigntest.CreateCampaignTest" name="campaignTestWithProduct" time="45.410"/>
</testsuite> <!-- com.omnibridge.crm.compaigntest.CreateCampaignTest -->
