<?xml version="1.0" encoding="UTF-8"?>
<!-- Generated by org.testng.reporters.JUnitReportReporter -->
<testsuite hostname="DESKTOP-AI0QSET" failures="0" tests="1" name="practiceTest.loginTest" time="6.374" errors="0" timestamp="05 Jan 2025 11:51:02 GMT" skipped="0">
  <testcase classname="practiceTest.loginTest" name="loginTest" time="6.374"/>
</testsuite> <!-- practiceTest.loginTest -->
