<?xml version="1.0" encoding="UTF-8"?>
<!-- Generated by org.testng.reporters.JUnitReportReporter -->
<testsuite hostname="DESKTOP-AI0QSET" failures="0" tests="3" name="com.omnibridge.crm.contacttest.CreateContactTest" time="73.951" errors="0" timestamp="2025-01-08T14:44:04 IST" skipped="0">
  <testcase classname="com.omnibridge.crm.contacttest.CreateContactTest" name="createContactWithOrgTest" time="32.779"/>
  <testcase classname="com.omnibridge.crm.contacttest.CreateContactTest" name="createContactWithsupportDate" time="21.577"/>
  <testcase classname="com.omnibridge.crm.contacttest.CreateContactTest" name="createContact" time="19.595"/>
</testsuite> <!-- com.omnibridge.crm.contacttest.CreateContactTest -->
