<?xml version="1.0" encoding="UTF-8"?>
<!-- Generated by org.testng.reporters.JUnitReportReporter -->
<testsuite hostname="DESKTOP-AI0QSET" failures="0" tests="1" name="com.omnibridge.crm.orgtest.CreateOrgTest" time="20.245" errors="0" timestamp="2025-01-08T17:10:20 IST" skipped="0">
  <testcase classname="com.omnibridge.crm.orgtest.CreateOrgTest" name="createOrgTest" time="20.245"/>
</testsuite> <!-- com.omnibridge.crm.orgtest.CreateOrgTest -->
