<?xml version="1.0" encoding="UTF-8"?>
<!-- Generated by org.testng.reporters.JUnitReportReporter -->
<testsuite hostname="DESKTOP-AI0QSET" failures="0" tests="1" name="practiceTest.HandleDropDown" time="15.543" errors="0" timestamp="2025-01-08T15:45:55 IST" skipped="0">
  <testcase classname="practiceTest.HandleDropDown" name="CampaignDropdownTest" time="15.543"/>
</testsuite> <!-- practiceTest.HandleDropDown -->
