<?xml version="1.0" encoding="UTF-8"?>
<!-- Generated by org.testng.reporters.JUnitReportReporter -->
<testsuite hostname="DESKTOP-AI0QSET" failures="0" tests="1" name="com.omnibridge.crm.leadtest.CreateLeadTest" time="22.140" errors="0" timestamp="2025-01-08T16:19:03 IST" skipped="0">
  <testcase classname="com.omnibridge.crm.leadtest.CreateLeadTest" name="createNewLead" time="22.140"/>
</testsuite> <!-- com.omnibridge.crm.leadtest.CreateLeadTest -->
