<?xml version="1.0" encoding="UTF-8"?>
<!-- Generated by org.testng.reporters.JUnitReportReporter -->
<testsuite hostname="DESKTOP-AI0QSET" failures="0" tests="1" name="com.omnibridge.crm.opportunitiestest.CreateNewOpportunities" time="81.061" errors="0" timestamp="2025-01-09T11:45:42 IST" skipped="0">
  <testcase classname="com.omnibridge.crm.opportunitiestest.CreateNewOpportunities" name="createNewOpportunitiesTest" time="81.061"/>
</testsuite> <!-- com.omnibridge.crm.opportunitiestest.CreateNewOpportunities -->
