<?xml version="1.0" encoding="UTF-8"?>
<!-- Generated by org.testng.reporters.JUnitReportReporter -->
<testsuite hostname="DESKTOP-AI0QSET" failures="0" tests="3" name="com.omnibridge.crm.compaigntest.CreateCampaignTest" time="110.740" errors="0" timestamp="2025-01-09T11:45:42 IST" skipped="0">
  <testcase classname="com.omnibridge.crm.compaigntest.CreateCampaignTest" name="createProductWithVendorTest" time="35.221"/>
  <testcase classname="com.omnibridge.crm.compaigntest.CreateCampaignTest" name="campaignTestWithProduct" time="52.701"/>
  <testcase classname="com.omnibridge.crm.compaigntest.CreateCampaignTest" name="createVendorTest" time="22.818"/>
</testsuite> <!-- com.omnibridge.crm.compaigntest.CreateCampaignTest -->
