<?xml version="1.0" encoding="UTF-8"?>
<!-- Generated by org.testng.reporters.JUnitReportReporter -->
<testsuite hostname="DESKTOP-AI0QSET" failures="0" tests="3" name="com.omnibridge.crm.leadtest.CreateLeadTest" time="86.895" errors="0" timestamp="2025-01-09T11:45:42 IST" skipped="0">
  <testcase classname="com.omnibridge.crm.leadtest.CreateLeadTest" name="createLeadAndEdit" time="30.088"/>
  <testcase classname="com.omnibridge.crm.leadtest.CreateLeadTest" name="createNewLead" time="25.543"/>
  <testcase classname="com.omnibridge.crm.leadtest.CreateLeadTest" name="createLeadAndDelete" time="31.264"/>
</testsuite> <!-- com.omnibridge.crm.leadtest.CreateLeadTest -->
