<?xml version="1.0" encoding="UTF-8"?>
<!-- Generated by org.testng.reporters.JUnitReportReporter -->
<testsuite hostname="DESKTOP-AI0QSET" failures="0" tests="3" name="com.omnibridge.crm.contacttest.CreateContactTest" time="94.454" errors="0" timestamp="2025-01-09T11:45:42 IST" skipped="0">
  <testcase classname="com.omnibridge.crm.contacttest.CreateContactTest" name="createContactWithsupportDate" time="27.808"/>
  <testcase classname="com.omnibridge.crm.contacttest.CreateContactTest" name="createContactWithOrgTest" time="41.109"/>
  <testcase classname="com.omnibridge.crm.contacttest.CreateContactTest" name="createContact" time="25.537"/>
</testsuite> <!-- com.omnibridge.crm.contacttest.CreateContactTest -->
