<?xml version="1.0" encoding="UTF-8"?>
<!-- Generated by org.testng.reporters.JUnitReportReporter -->
<testsuite hostname="DESKTOP-AI0QSET" failures="0" tests="2" name="com.omnibridge.crm.orgtest.CreateOrgTest" time="53.648" errors="0" timestamp="2025-01-09T11:45:42 IST" skipped="0">
  <testcase classname="com.omnibridge.crm.orgtest.CreateOrgTest" name="createOrgTest" time="27.364"/>
  <testcase classname="com.omnibridge.crm.orgtest.CreateOrgTest" name="createContactWithPhoneNumber" time="26.284"/>
</testsuite> <!-- com.omnibridge.crm.orgtest.CreateOrgTest -->
